<?xml version="1.0" encoding="UTF-8"?>
<!-- Generated by org.testng.reporters.JUnitReportReporter -->
<testsuite skipped="0" hostname="DESKTOP-AMOSNVQ" name="orangeHRM_tests.Orange_HRM_Login_Test" tests="1" failures="0" timestamp="2021-04-19T01:58:47 EDT" time="15.519" errors="0">
  <testcase name="orangeHRM_login_test" time="15.519" classname="orangeHRM_tests.Orange_HRM_Login_Test"/>
  <system-out/>
</testsuite> <!-- orangeHRM_tests.Orange_HRM_Login_Test -->
