<?xml version="1.0" encoding="UTF-8"?>
<!-- Generated by org.testng.reporters.JUnitReportReporter -->
<testsuite skipped="0" hostname="DESKTOP-AMOSNVQ" name="blazemeter_tests.CSSSelector_class_Equal_value" tests="1" failures="0" timestamp="2021-04-26T13:36:02 EDT" time="52.914" errors="0">
  <testcase name="hubspot_Login_with_form_Test" time="52.914" classname="blazemeter_tests.CSSSelector_class_Equal_value"/>
  <system-out/>
</testsuite> <!-- blazemeter_tests.CSSSelector_class_Equal_value -->
