<?xml version="1.0" encoding="UTF-8"?>
<!-- Generated by org.testng.reporters.JUnitReportReporter -->
<testsuite skipped="0" hostname="DESKTOP-AMOSNVQ" name="orangeHRM_tests.CSSSelector_with_class" tests="1" failures="0" timestamp="2021-04-19T11:44:33 EDT" time="12.302" errors="0">
  <testcase name="orangeHRM_login_test" time="12.302" classname="orangeHRM_tests.CSSSelector_with_class"/>
  <system-out/>
</testsuite> <!-- orangeHRM_tests.CSSSelector_with_class -->
