<?xml version="1.0" encoding="UTF-8"?>
<!-- Generated by org.testng.reporters.JUnitReportReporter -->
<testsuite skipped="0" hostname="DESKTOP-AMOSNVQ" name="orangeHRM_tests.CSSSelector_with_id" tests="1" failures="0" timestamp="2021-04-19T02:16:32 EDT" time="7.186" errors="0">
  <testcase name="orangeHRM_login_test" time="7.186" classname="orangeHRM_tests.CSSSelector_with_id"/>
  <system-out/>
</testsuite> <!-- orangeHRM_tests.CSSSelector_with_id -->
