<?xml version="1.0" encoding="UTF-8"?>
<!-- Generated by org.testng.reporters.JUnitReportReporter -->
<testsuite skipped="0" hostname="DESKTOP-AMOSNVQ" name="blazemeter_tests.CSSSelector_with_class" tests="1" failures="0" timestamp="2021-04-26T10:56:54 EDT" time="8.131" errors="0">
  <testcase name="hubspot_Login_Test" time="8.131" classname="blazemeter_tests.CSSSelector_with_class"/>
  <system-out/>
</testsuite> <!-- blazemeter_tests.CSSSelector_with_class -->
