<?xml version="1.0" encoding="UTF-8"?>
<!-- Generated by org.testng.reporters.JUnitReportReporter -->
<testsuite skipped="0" hostname="DESKTOP-AMOSNVQ" name="hubspot_tests.CSSSelector_with_class" tests="1" failures="0" timestamp="2021-04-19T11:53:42 EDT" time="27.597" errors="0">
  <testcase name="hubspot_Login_Test" time="27.597" classname="hubspot_tests.CSSSelector_with_class"/>
  <system-out/>
</testsuite> <!-- hubspot_tests.CSSSelector_with_class -->
